
## 13:08:33 - 07/12/18 - Data for https://ru.linkedin.com/


## 13:08:33 - 07/12/18 - Data for https://ru.linkedin.com/


## 13:08:34 - 07/12/18 - Data for https://ru.linkedin.com/


## 13:08:35 - 07/12/18 - Data for https://ru.linkedin.com/


## 13:08:35 - 07/12/18 - Data for https://ru.linkedin.com/


## 13:08:37 - 07/12/18 - Data for https://ru.linkedin.com/


## 13:08:37 - 07/12/18 - Data for https://ru.linkedin.com/


## 13:08:41 - 07/12/18 - Data for https://ru.linkedin.com/


## 13:08:41 - 07/12/18 - Data for https://ru.linkedin.com/


## 13:08:42 - 07/12/18 - Data for https://ru.linkedin.com/


## 13:08:49 - 07/12/18 - Data for https://ru.linkedin.com/

session_key => sanzhar
session_password => passord123
isJsEnabled => false
loginCsrfParam => aea7d530-5773-497f-8814-e46fa8d5875e

## 13:09:21 - 07/12/18 - Data for https://ru.linkedin.com/


## 13:09:21 - 07/12/18 - Data for https://ru.linkedin.com/


## 13:09:22 - 07/12/18 - Data for https://ru.linkedin.com/


## 13:09:27 - 07/12/18 - Data for https://ru.linkedin.com/

session_key => sanzhar
session_password => 123456678gfhdfhdfgh
isJsEnabled => false
loginCsrfParam => aea7d530-5773-497f-8814-e46fa8d5875e
